2015/01/29 21:19:51 INFO  - jmeter.util.JMeterUtils: Setting Locale to zh_CN 
2015/01/29 21:19:51 INFO  - jmeter.JMeter: Loading user properties from: /Users/sqhe/Desktop/apache-jmeter-2.12/bin/user.properties 
2015/01/29 21:19:51 INFO  - jmeter.JMeter: Loading system properties from: /Users/sqhe/Desktop/apache-jmeter-2.12/bin/system.properties 
2015/01/29 21:19:51 INFO  - jmeter.JMeter: Copyright (c) 1998-2014 The Apache Software Foundation 
2015/01/29 21:19:51 INFO  - jmeter.JMeter: Version 2.12 r1636949 
2015/01/29 21:19:51 INFO  - jmeter.JMeter: java.version=1.8.0_25 
2015/01/29 21:19:51 INFO  - jmeter.JMeter: java.vm.name=Java HotSpot(TM) 64-Bit Server VM 
2015/01/29 21:19:51 INFO  - jmeter.JMeter: os.name=Mac OS X 
2015/01/29 21:19:51 INFO  - jmeter.JMeter: os.arch=x86_64 
2015/01/29 21:19:51 INFO  - jmeter.JMeter: os.version=10.10.2 
2015/01/29 21:19:51 INFO  - jmeter.JMeter: file.encoding=UTF-8 
2015/01/29 21:19:51 INFO  - jmeter.JMeter: Default Locale=中文 (中国) 
2015/01/29 21:19:51 INFO  - jmeter.JMeter: JMeter  Locale=中文 (中国) 
2015/01/29 21:19:51 INFO  - jmeter.JMeter: JMeterHome=/Users/sqhe/Desktop/apache-jmeter-2.12 
2015/01/29 21:19:51 INFO  - jmeter.JMeter: user.dir  =/Users/sqhe/Desktop/chrome-sync-extension 
2015/01/29 21:19:51 INFO  - jmeter.JMeter: PWD       =/Users/sqhe/Desktop/chrome-sync-extension 
2015/01/29 21:19:51 INFO  - jmeter.JMeter: IP: 192.168.1.4 Name: HedeMacBook-Pro.local FullName: 192.168.1.4 
2015/01/29 21:19:51 INFO  - jmeter.JMeter: Loaded icon properties from org/apache/jmeter/images/icon.properties 
2015/01/29 21:19:53 INFO  - jmeter.engine.util.CompoundVariable: Note: Function class names must contain the string: '.functions.' 
2015/01/29 21:19:53 INFO  - jmeter.engine.util.CompoundVariable: Note: Function class names must not contain the string: '.gui.' 
2015/01/29 21:19:53 INFO  - jmeter.gui.action.LookAndFeelCommand: Using look and feel: com.apple.laf.AquaLookAndFeel [Mac OS X, System] 
2015/01/29 21:19:54 INFO  - jmeter.util.BSFTestElement: Registering JMeter version of JavaScript engine as work-round for BSF-22 
2015/01/29 21:19:54 INFO  - jmeter.protocol.http.sampler.HTTPSamplerBase: Cannot find .className property for htmlParser, using default 
2015/01/29 21:19:54 INFO  - jmeter.protocol.http.sampler.HTTPSamplerBase: Parser for text/html is  
2015/01/29 21:19:54 INFO  - jmeter.protocol.http.sampler.HTTPSamplerBase: Parser for application/xhtml+xml is  
2015/01/29 21:19:54 INFO  - jmeter.protocol.http.sampler.HTTPSamplerBase: Parser for application/xml is  
2015/01/29 21:19:54 INFO  - jmeter.protocol.http.sampler.HTTPSamplerBase: Parser for text/xml is  
2015/01/29 21:19:54 INFO  - jmeter.protocol.http.sampler.HTTPSamplerBase: Parser for text/vnd.wap.wml is org.apache.jmeter.protocol.http.parser.RegexpHTMLParser 
2015/01/29 21:19:55 INFO  - jmeter.gui.util.MenuFactory: Skipping org.apache.jmeter.protocol.http.control.gui.WebServiceSamplerGui 
2015/01/29 21:19:55 INFO  - jmeter.gui.util.MenuFactory: Skipping org.apache.jmeter.protocol.http.modifier.gui.ParamModifierGui 
2015/01/29 21:19:55 INFO  - jorphan.exec.KeyToolUtils: keytool found at 'keytool' 
2015/01/29 21:19:55 INFO  - jmeter.protocol.http.proxy.ProxyControl: HTTP(S) Test Script Recorder SSL Proxy will use keys that support embedded 3rd party resources in file /Users/sqhe/Desktop/apache-jmeter-2.12/bin/proxyserver.jks 
2015/01/29 21:19:55 INFO  - jmeter.samplers.SampleResult: Note: Sample TimeStamps are START times 
2015/01/29 21:19:55 INFO  - jmeter.samplers.SampleResult: sampleresult.default.encoding is set to ISO-8859-1 
2015/01/29 21:19:55 INFO  - jmeter.samplers.SampleResult: sampleresult.useNanoTime=true 
2015/01/29 21:19:55 INFO  - jmeter.samplers.SampleResult: sampleresult.nanoThreadSleep=5000 
2015/01/29 21:26:40 INFO  - jmeter.engine.StandardJMeterEngine: Listeners will be started after enabling running version 
2015/01/29 21:26:40 INFO  - jmeter.engine.StandardJMeterEngine: To revert to the earlier behaviour, define jmeterengine.startlistenerslater=false 
2015/01/29 21:26:40 INFO  - jmeter.engine.StandardJMeterEngine: Running the test! 
2015/01/29 21:26:40 INFO  - jmeter.samplers.SampleEvent: List of sample_variables: [] 
2015/01/29 21:26:40 INFO  - jmeter.samplers.SampleEvent: List of sample_variables: [] 
2015/01/29 21:26:40 INFO  - jmeter.gui.util.JMeterMenuBar: setRunning(true,*local*) 
2015/01/29 21:26:41 INFO  - jmeter.engine.StandardJMeterEngine: Starting ThreadGroup: 1 : 线程组 
2015/01/29 21:26:41 INFO  - jmeter.engine.StandardJMeterEngine: Starting 1 threads for group 线程组. 
2015/01/29 21:26:41 INFO  - jmeter.engine.StandardJMeterEngine: Thread will continue on error 
2015/01/29 21:26:41 INFO  - jmeter.threads.ThreadGroup: Starting thread group number 1 threads 1 ramp-up 1 perThread 1000.0 delayedStart=false 
2015/01/29 21:26:41 INFO  - jmeter.threads.JMeterThread: jmeterthread.startearlier=true (see jmeter.properties) 
2015/01/29 21:26:41 INFO  - jmeter.threads.JMeterThread: Running PostProcessors in forward order 
2015/01/29 21:26:41 INFO  - jmeter.threads.ThreadGroup: Started thread group number 1 
2015/01/29 21:26:41 INFO  - jmeter.engine.StandardJMeterEngine: All thread groups have been started 
2015/01/29 21:26:41 INFO  - jmeter.threads.JMeterThread: Thread started: 线程组 1-1 
2015/01/29 21:26:41 INFO  - jmeter.threads.JMeterThread: Thread is done: 线程组 1-1 
2015/01/29 21:26:41 INFO  - jmeter.threads.JMeterThread: Thread finished: 线程组 1-1 
2015/01/29 21:26:41 INFO  - jmeter.engine.StandardJMeterEngine: Notifying test listeners of end of test 
2015/01/29 21:26:41 INFO  - jmeter.services.FileServer: Default base='/Users/sqhe/Desktop/chrome-sync-extension' 
2015/01/29 21:26:41 INFO  - jmeter.gui.util.JMeterMenuBar: setRunning(false,*local*) 
